<?xml version="1.0" encoding="UTF-8"?>
<testsuite name="Juan Camilo desea automatizar la prueba tecnica de Sophos" tests="1" skipped="0" failures="0" errors="0" timestamp="2022-10-20T16:52:29" hostname="QV-4400" time="50.327">
  <properties/>
  <testcase name="Automatizar el escenario propuesto para la prueba tecnica" classname="Juan Camilo desea automatizar la prueba tecnica de Sophos" time="50.327"/>
  <system-out><![CDATA[
@pruebaTecnica @escenarioUno
Scenario Outline: Automatizar el escenario propuesto para la prueba tecnica      ?[90m# src/test/resources/Feature/prueba.feature:50?[0m
11:52:29.211 [Test worker] INFO  i.c.core.plugin.SerenityReporter - Running feature from file:///C:/Users/UserQV/Desktop/Proyectos%20Screenplay/pruebaSophos/src/test/resources/Feature/prueba.feature
11:52:29.212 [Test worker] WARN  i.c.core.plugin.SerenityReporter - Feature from file:///C:/Users/UserQV/Desktop/Proyectos%20Screenplay/pruebaSophos/src/test/resources/Feature/prueba.feature is not under the 'features' directory. Requirements report will not be correctly generated!
11:52:29.325 [Test worker] INFO   - 
  _____   ___   ___   _____     ___   _____     _     ___   _____   ___   ___  
 |_   _| | __| / __| |_   _|   / __| |_   _|   /_\   | _ \ |_   _| | __| |   \ 
   | |   | _|  \__ \   | |     \__ \   | |    / _ \  |   /   | |   | _|  | |) |
   |_|   |___| |___/   |_|     |___/   |_|   /_/ \_\ |_|_\   |_|   |___| |___/ 

Automatizar el escenario propuesto para la prueba tecnica(juan-camilo-desea-automatizar-la-prueba-tecnica-de-sophos;automatizar-el-escenario-propuesto-para-la-prueba-tecnica)
--------------------------------------------------------------------------------
11:52:29.963 [Test worker] INFO  n.s.c.w.d.DriverProvider - Using WebDriverManager configuration for chrome
11:52:30.350 [Test worker] INFO  i.g.bonigarcia.wdm.WebDriverManager - Using chromedriver 106.0.5249.61 (resolved driver for Chrome 106)
11:52:30.374 [Test worker] INFO  i.g.bonigarcia.wdm.WebDriverManager - Exporting webdriver.chrome.driver as C:\Users\UserQV\.cache\selenium\chromedriver\win32\106.0.5249.61\chromedriver.exe
11:52:30.490 [Test worker] INFO  n.s.c.w.d.ChromeDriverProvider - Starting Chrome driver instance with capabilities:
11:52:30.492 [Test worker] INFO  n.s.c.w.d.ChromeDriverProvider - Capabilities {acceptInsecureCerts: false, browserName: chrome, goog:chromeOptions: {args: [test-type, ignore-certificate-errors, --window-size=1000,800, incognito, disable-infobars, disable-gpu, disable-default-apps, disable-popup-blocking], extensions: []}}
  ?[32mGiven ?[0m?[32m?[0m?[32m?[1mJuan Camilo?[0m?[32m ha ingresado al link de la prueba tecnica?[0m                    ?[90m# pruebasophos.Definitions.StepDefinitions.juanCamiloHaIngresadoAlLinkDeLaPruebaTecnica(net.serenitybdd.screenplay.Actor)?[0m
  ?[32mGiven ?[0m?[32m?[0m?[32m?[1mJuan Camilo?[0m?[32m ingresa sus credenciales?[0m                                     ?[90m# pruebasophos.Definitions.StepDefinitions.juanCamiloIngresaSusCredenciales(net.serenitybdd.screenplay.Actor,models.Credenciales)?[0m
    | user   | password                                         |
    | 471002 | 10df2f32286b7120MS00LTIwMDE3NA==30e0c83e6c29f1c3 |
  ?[32mWhen ?[0m?[32mda click en el multiplo de seis y seleccionando la respuesta?[0m              ?[90m# pruebasophos.Definitions.StepDefinitions.daClickEnElMultiploDeSeisYSeleccionandoLaRespuesta(models.CicloUno)?[0m
    | respuesta |
    | -1301     |
  ?[32mWhen ?[0m?[32maccede al ciclo dos ingresando la fecha?[0m                                   ?[90m# pruebasophos.Definitions.StepDefinitions.accedeAlCicloDosIngresandoLaFecha(models.CicloDos)?[0m
    | fecha    |
    | 12102021 |
  ?[32mWhen ?[0m?[32minicia el ciclo tres ingresando las respuestas?[0m                            ?[90m# pruebasophos.Definitions.StepDefinitions.iniciaElCicloTresIngresandoLasRespuestas(models.CicloTres)?[0m
    | letra | numeroRespuesta |
    | r     | 17              |
  ?[32mWhen ?[0m?[32minicia el ciclo cuadro ingresando las respuestas?[0m                          ?[90m# pruebasophos.Definitions.StepDefinitions.iniciaElCicloCuadroIngresandoLasRespuestas(models.CicloCuatro)?[0m
    | letraZ | numeroRespuestaDos |
    | Z      | 14                 |
  ?[32mWhen ?[0m?[32minicia el cinco cuadro ingresando las respuestas?[0m                          ?[90m# pruebasophos.Definitions.StepDefinitions.iniciaElCincoCuadroIngresandoLasRespuestas(models.CicloCinco)?[0m
    | selectCicloCinco | numeroSecuencia |
    | -61198           | 9               |
  ?[32mWhen ?[0m?[32minicia el ciclo seis ingresando las respuestas?[0m                            ?[90m# pruebasophos.Definitions.StepDefinitions.iniciaElCicloSeisIngresandoLasRespuestas(models.CicloSeis)?[0m
    | fecha    |
    | 12102021 |
  ?[32mWhen ?[0m?[32mingresa la informacion en el ciclo siete?[0m                                  ?[90m# pruebasophos.Definitions.StepDefinitions.ingresaLaInformacionEnElCicloSiete(models.CicloSiete)?[0m
    | fecha    |
    | 12102021 |
  ?[32mWhen ?[0m?[32mingresa la letra y la respuesta correspondiente al ciclo ocho?[0m             ?[90m# pruebasophos.Definitions.StepDefinitions.ingresaLaLetraYLaRespuestaCorrespondienteAlCicloOcho(models.CicloOcho)?[0m
    | letraM |
    | M      |
  ?[32mWhen ?[0m?[32mresponde los retos del ciclo nueve?[0m                                        ?[90m# pruebasophos.Definitions.StepDefinitions.respondeLosRetosDelCicloNueve(models.CicloNueve)?[0m
    | fecha    |
    | 12102021 |
  ?[32mWhen ?[0m?[32mingresa la letra en el ciclo diez?[0m                                         ?[90m# pruebasophos.Definitions.StepDefinitions.ingresaLaLetraEnElCicloDiez(models.CicloDiez)?[0m
    | letraV |
    | V      |
  ?[32mThen ?[0m?[32mVisualiza el mensaje de ?[0m?[32m?[1mFelicidades, has terminado la prueba exitosamente?[0m ?[90m# pruebasophos.Definitions.StepDefinitions.visualizaElMensajeDeFelicidadesHasTerminadoLaPruebaExitosamente(java.lang.String)?[0m
11:53:19.428 [Test worker] INFO   - 
  _____   ___   ___   _____     ___     _     ___   ___   ___   ___  
 |_   _| | __| / __| |_   _|   | _ \   /_\   / __| / __| | __| |   \ 
   | |   | _|  \__ \   | |     |  _/  / _ \  \__ \ \__ \ | _|  | |) |
   |_|   |___| |___/   |_|     |_|   /_/ \_\ |___/ |___/ |___| |___/ 

Automatizar el escenario propuesto para la prueba tecnica
----------------------------------------------------------------------
]]></system-out>
  <system-err><![CDATA[Starting ChromeDriver 106.0.5249.61 (511755355844955cd3e264779baf0dd38212a4d0-refs/branch-heads/5249@{#569}) on port 51139
Only local connections are allowed.
Please see https://chromedriver.chromium.org/security-considerations for suggestions on keeping ChromeDriver safe.
ChromeDriver was started successfully.
oct. 20, 2022 11:52:32 A. M. org.openqa.selenium.remote.ProtocolHandshake createSession
INFO: Detected upstream dialect: W3C
oct. 20, 2022 11:52:32 A. M. org.openqa.selenium.devtools.CdpVersionFinder findNearestMatch
WARNING: Unable to find an exact match for CDP version 106, so returning the closest version found: 104
oct. 20, 2022 11:52:32 A. M. org.openqa.selenium.devtools.CdpVersionFinder findNearestMatch
INFO: Found CDP implementation for version 106 of 104
]]></system-err>
</testsuite>
